<?xml version="1.0" encoding="UTF-8"?>
<!-- Generated by org.testng.reporters.JUnitXMLReporter -->
<testsuite hostname="DESKTOP-16CP8KV" name="Default test" tests="4" failures="0" timestamp="25 Apr 2021 16:48:39 GMT" time="15.893" errors="0">
  <testcase name="ValidatePostRequest" time="7.742" classname="com.wipro.tests.NewTest"/>
  <testcase name="ValidateGetRequest" time="1.926" classname="com.wipro.tests.NewTest"/>
  <testcase name="ValidateUpdatetRequest" time="1.983" classname="com.wipro.tests.NewTest"/>
  <testcase name="validateDeletRequest" time="4.184" classname="com.wipro.tests.NewTest"/>
</testsuite> <!-- Default test -->
