<?xml version="1.0" encoding="UTF-8"?>
<!-- Generated by org.testng.reporters.JUnitXMLReporter -->
<testsuite hostname="DESKTOP-16CP8KV" name="My API Testing" tests="4" failures="0" timestamp="25 Apr 2021 16:55:31 GMT" time="17.994" errors="0">
  <testcase name="ValidatePostRequest" time="9.639" classname="com.wipro.tests.NewTest"/>
  <testcase name="ValidateGetRequest" time="2.089" classname="com.wipro.tests.NewTest"/>
  <testcase name="ValidateUpdatetRequest" time="2.576" classname="com.wipro.tests.NewTest"/>
  <testcase name="validateDeletRequest" time="3.64" classname="com.wipro.tests.NewTest"/>
</testsuite> <!-- My API Testing -->
