<?xml version="1.0" encoding="UTF-8"?>
<testsuite name="TestSuite" time="17.617" tests="4" errors="0" skipped="0" failures="0">
  <properties>
[...]
</properties>
  <testcase name="ValidatePostRequest" classname="com.wipro.tests.NewTest" time="7.793"/>
  <testcase name="ValidateGetRequest" classname="com.wipro.tests.NewTest" time="2.148"/>
  <testcase name="ValidateUpdatetRequest" classname="com.wipro.tests.NewTest" time="4.09"/>
  <testcase name="validateDeletRequest" classname="com.wipro.tests.NewTest" time="3.586"/>
</testsuite>