<?xml version="1.0" encoding="UTF-8"?>
<!-- Generated by org.testng.reporters.JUnitXMLReporter -->
<testsuite hostname="DESKTOP-16CP8KV" name="My API Testing" tests="4" failures="0" timestamp="25 Apr 2021 16:59:01 GMT" time="17.648" errors="0">
  <testcase name="ValidatePostRequest" time="7.794" classname="com.wipro.tests.NewTest"/>
  <testcase name="ValidateGetRequest" time="2.148" classname="com.wipro.tests.NewTest"/>
  <testcase name="ValidateUpdatetRequest" time="4.09" classname="com.wipro.tests.NewTest"/>
  <testcase name="validateDeletRequest" time="3.586" classname="com.wipro.tests.NewTest"/>
</testsuite> <!-- My API Testing -->
