<?xml version="1.0" encoding="UTF-8"?>
<testng-results skipped="0" failed="0" total="2" passed="2">
  <reporter-output>
  </reporter-output>
  <suite name="Default suite" duration-ms="18974" started-at="2021-04-26T18:37:59Z" finished-at="2021-04-26T18:38:18Z">
    <groups>
    </groups>
    <test name="Default test" duration-ms="18974" started-at="2021-04-26T18:37:59Z" finished-at="2021-04-26T18:38:18Z">
      <class name="com.wipro.tests.Dummy">
        <test-method status="PASS" signature="ValidatePostRequest()[pri:0, instance:com.wipro.tests.Dummy@51081592]" name="ValidatePostRequest" duration-ms="7145" started-at="2021-04-27T00:07:59Z" finished-at="2021-04-27T00:08:06Z">
          <reporter-output>
          </reporter-output>
        </test-method> <!-- ValidatePostRequest -->
        <test-method status="PASS" signature="ValidateGetRequest()[pri:1, instance:com.wipro.tests.Dummy@51081592]" name="ValidateGetRequest" duration-ms="11721" started-at="2021-04-27T00:08:06Z" finished-at="2021-04-27T00:08:18Z">
          <reporter-output>
          </reporter-output>
        </test-method> <!-- ValidateGetRequest -->
      </class> <!-- com.wipro.tests.Dummy -->
    </test> <!-- Default test -->
  </suite> <!-- Default suite -->
</testng-results>
